Password was cracked: CuDa : CuDa

[ perf record: Woken up 1 times to write data ]
[ perf record: Captured and wrote 0.445 MB perf.data (7275 samples) ]

real	0m0.142s
user	0m0.297s
sys	0m0.116s
# To display the perf.data header info, please use --header/--header-only options.
#
#
# Total Lost Samples: 0
#
# Samples: 7K of event 'cycles:u'
# Event count (approx.): 5488494057
#
# Overhead  Command          Shared Object       Symbol                                   
# ........  ...............  ..................  .........................................
#
    82.52%  passwordCracker  libc-2.28.so        [.] __strcmp_avx2
     6.85%  passwordCracker  libnvomp.so         [.] hxiExecuteHostTreeBarrierWithTasks
     2.97%  passwordCracker  libnvomp.so         [.] hxiMasterWaitHostTreeBarrierWithTasks
     0.82%  passwordCracker  passwordCracker     [.] __nv_bruteForce_F1L34_1
     0.71%  passwordCracker  passwordCracker     [.] check
     0.49%  passwordCracker  libnvomp.so         [.] hxiEmulateHostThreadLaunch
     0.33%  passwordCracker  libnvomp.so         [.] threadPoolEntryPoint
     0.26%  passwordCracker  libnvomp.so         [.] nvompSchedulerForStaticInit<int>
     0.24%  passwordCracker  libnvomp.so         [.] hxiMasterWaitHostTreeBarrier
     0.18%  passwordCracker  libc-2.28.so        [.] __memset_avx2_unaligned_erms
     0.18%  passwordCracker  libc-2.28.so        [.] __sched_yield
     0.16%  passwordCracker  [unknown]           [k] 0xffffffff9c600010
     0.15%  passwordCracker  [unknown]           [k] 0xffffffff9bc2acaa
     0.14%  passwordCracker  libnvomp.so         [.] prepareNewTeam
     0.13%  passwordCracker  ld-2.28.so          [.] __tls_get_addr
     0.13%  passwordCracker  [unknown]           [k] 0xffffffff9c60001c
     0.12%  passwordCracker  [unknown]           [k] 0xffffffff9bce6b20
     0.11%  passwordCracker  libnvomp.so         [.] runNewTeam
     0.11%  passwordCracker  [unknown]           [k] 0xffffffff9bc27f7b
     0.08%  passwordCracker  [unknown]           [k] 0xffffffff9bce6bec
     0.08%  passwordCracker  [unknown]           [k] 0xffffffff9bd06fc8
     0.08%  passwordCracker  [unknown]           [k] 0xffffffff9bc61f16
     0.07%  passwordCracker  [unknown]           [k] 0xffffffff9bcf37c1
     0.07%  passwordCracker  [unknown]           [k] 0xffffffff9bce6be3
     0.07%  passwordCracker  [unknown]           [k] 0xffffffff9bceb000
     0.07%  passwordCracker  libnvomp.so         [.] hxiHostLaunchInfo
     0.06%  passwordCracker  [unknown]           [k] 0xffffffff9bce6bb0
     0.06%  passwordCracker  [unknown]           [k] 0xffffffff9bce6b2c
     0.06%  passwordCracker  libnvomp.so         [.] targetFuncHostTrampoline_1
     0.06%  passwordCracker  [unknown]           [k] 0xffffffff9bce7973
     0.06%  passwordCracker  libnvomp.so         [.] launchInternal
     0.05%  passwordCracker  [unknown]           [k] 0xffffffff9bce6b28
     0.05%  passwordCracker  [unknown]           [k] 0xffffffff9c496380
     0.05%  passwordCracker  [unknown]           [k] 0xffffffff9bc1d181
     0.05%  passwordCracker  [unknown]           [k] 0xffffffff9bceb007
     0.05%  passwordCracker  libnvomp.so         [.] sched_yield@plt
     0.05%  passwordCracker  [unknown]           [k] 0xffffffff9bcf3500
     0.04%  passwordCracker  libnvomp.so         [.] __kmpc_fork_call
     0.04%  passwordCracker  libnvomp.so         [.] hxiHostThreadNum
     0.04%  passwordCracker  [unknown]           [k] 0xffffffff9c601ce0
     0.04%  passwordCracker  [unknown]           [k] 0xffffffff9bcf3773
     0.04%  passwordCracker  [unknown]           [k] 0xffffffff9bcead1d
     0.04%  passwordCracker  [unknown]           [k] 0xffffffff9c49119b
     0.04%  passwordCracker  [unknown]           [k] 0xffffffff9bcead3d
     0.04%  passwordCracker  [unknown]           [k] 0xffffffff9bcead0b
     0.03%  passwordCracker  [unknown]           [k] 0xffffffff9c600013
     0.03%  passwordCracker  [unknown]           [k] 0xffffffff9bce6be8
     0.03%  passwordCracker  [unknown]           [k] 0xffffffff9bcead81
     0.03%  passwordCracker  [unknown]           [k] 0xffffffff9bcf37d5
     0.03%  passwordCracker  libc-2.28.so        [.] __memset_avx2_unaligned
     0.03%  passwordCracker  [unknown]           [k] 0xffffffff9bd3c627
     0.03%  passwordCracker  libnvomp.so         [.] hxdGetEnclosingActiveLevel
     0.03%  passwordCracker  libnvomp.so         [.] __kmpc_global_thread_num
     0.03%  passwordCracker  libnvomp.so         [.] hxdSetTLS
     0.03%  passwordCracker  libnvomp.so         [.] hxiHostThreadInfo
     0.03%  passwordCracker  [unknown]           [k] 0xffffffff9bce78f9
     0.03%  passwordCracker  [unknown]           [k] 0xffffffff9bceb00a
     0.02%  passwordCracker  [unknown]           [k] 0xffffffff9bcead70
     0.02%  passwordCracker  [unknown]           [k] 0xffffffff9bceae59
     0.02%  passwordCracker  [unknown]           [k] 0xffffffff9bce05c0
     0.02%  passwordCracker  [unknown]           [k] 0xffffffff9c600090
     0.02%  passwordCracker  [unknown]           [k] 0xffffffff9c60019e
     0.02%  passwordCracker  [unknown]           [k] 0xffffffff9bc27fc4
     0.02%  passwordCracker  [unknown]           [k] 0xffffffff9bce6b10
     0.02%  passwordCracker  [unknown]           [k] 0xffffffff9bcf3767
     0.02%  passwordCracker  [unknown]           [k] 0xffffffff9c600155
     0.02%  passwordCracker  [unknown]           [k] 0xffffffff9c490b58
     0.02%  passwordCracker  [unknown]           [k] 0xffffffff9c02d974
     0.02%  passwordCracker  [unknown]           [k] 0xffffffff9bce6b37
     0.02%  passwordCracker  [unknown]           [k] 0xffffffff9bcde9d4
     0.02%  passwordCracker  [unknown]           [k] 0xffffffff9c60006c
     0.02%  passwordCracker  [unknown]           [k] 0xffffffff9bce7985
     0.02%  passwordCracker  [unknown]           [k] 0xffffffff9bcf386e
     0.02%  passwordCracker  [unknown]           [k] 0xffffffff9bc0419f
     0.02%  passwordCracker  [unknown]           [k] 0xffffffff9bce6af2
     0.02%  passwordCracker  [unknown]           [k] 0xffffffff9bce0550
     0.02%  passwordCracker  [unknown]           [k] 0xffffffff9c6001f8
     0.02%  passwordCracker  [unknown]           [k] 0xffffffff9c600204
     0.02%  passwordCracker  [unknown]           [k] 0xffffffff9bc61f1b
     0.02%  passwordCracker  [unknown]           [k] 0xffffffff9bc041bd
     0.02%  passwordCracker  [unknown]           [k] 0xffffffff9bce6bbd
     0.02%  passwordCracker  [unknown]           [k] 0xffffffff9bce725e
     0.02%  passwordCracker  [unknown]           [k] 0xffffffff9c490b18
     0.02%  passwordCracker  [unknown]           [k] 0xffffffff9c490d12
     0.01%  passwordCracker  libnvomp.so         [.] hxiHostThreadCount
     0.01%  passwordCracker  [unknown]           [k] 0xffffffff9bd396db
     0.01%  passwordCracker  [unknown]           [k] 0xffffffff9bcb7707
     0.01%  passwordCracker  libnvomp.so         [.] launchTeam
     0.01%  passwordCracker  libnvomp.so         [.] hxdGetCachedUserData
     0.01%  passwordCracker  [unknown]           [k] 0xffffffff9bce71e9
     0.01%  passwordCracker  [unknown]           [k] 0xffffffff9bcf3883
     0.01%  passwordCracker  libnvomp.so         [.] hxiHostThreadId
     0.01%  passwordCracker  [unknown]           [k] 0xffffffff9bc7089f
     0.01%  passwordCracker  [unknown]           [k] 0xffffffff9bcf3875
     0.01%  passwordCracker  [unknown]           [k] 0xffffffff9c02d9d1
     0.01%  passwordCracker  [unknown]           [k] 0xffffffff9c6000ad
     0.01%  passwordCracker  [unknown]           [k] 0xffffffff9bce6b1d
     0.01%  passwordCracker  [unknown]           [k] 0xffffffff9bce6bc9
     0.01%  passwordCracker  [unknown]           [k] 0xffffffff9bd06fbc
     0.01%  passwordCracker  [unknown]           [k] 0xffffffff9bce6ac6
     0.01%  passwordCracker  [unknown]           [k] 0xffffffff9bce6be7
     0.01%  passwordCracker  [unknown]           [k] 0xffffffff9bce6ac9
     0.01%  passwordCracker  [unknown]           [k] 0xffffffff9c600080
     0.01%  passwordCracker  [unknown]           [k] 0xffffffff9bcde96b
     0.01%  passwordCracker  [unknown]           [k] 0xffffffff9bce056c
     0.01%  passwordCracker  [unknown]           [k] 0xffffffff9bcead2a
     0.01%  passwordCracker  [unknown]           [k] 0xffffffff9c490d90
     0.01%  passwordCracker  [unknown]           [k] 0xffffffff9bce05a4
     0.01%  passwordCracker  [unknown]           [k] 0xffffffff9bcf37aa
     0.01%  passwordCracker  [unknown]           [k] 0xffffffff9c600146
     0.01%  passwordCracker  [unknown]           [k] 0xffffffff9bcf383f
     0.01%  passwordCracker  [unknown]           [k] 0xffffffff9bc04149
     0.01%  passwordCracker  [unknown]           [k] 0xffffffff9bcdea1b
     0.01%  passwordCracker  [unknown]           [k] 0xffffffff9bce6b36
     0.01%  passwordCracker  [unknown]           [k] 0xffffffff9bcde98e
     0.01%  passwordCracker  [unknown]           [k] 0xffffffff9bce7935
     0.01%  passwordCracker  [unknown]           [k] 0xffffffff9c491173
     0.01%  passwordCracker  [unknown]           [k] 0xffffffff9c490b86
     0.01%  passwordCracker  [unknown]           [k] 0xffffffff9bce0594
     0.01%  passwordCracker  [unknown]           [k] 0xffffffff9bcdcd0e
     0.01%  passwordCracker  [unknown]           [k] 0xffffffff9bceba7c
     0.01%  passwordCracker  [unknown]           [k] 0xffffffff9c02d983
     0.01%  passwordCracker  [unknown]           [k] 0xffffffff9bce6afe
     0.01%  passwordCracker  [unknown]           [k] 0xffffffff9c490bf2
     0.01%  passwordCracker  [unknown]           [k] 0xffffffff9bce7905
     0.01%  passwordCracker  [unknown]           [k] 0xffffffff9bceae56
     0.01%  passwordCracker  [unknown]           [k] 0xffffffff9bc0415e
     0.01%  passwordCracker  [unknown]           [k] 0xffffffff9bceba70
     0.01%  passwordCracker  [unknown]           [k] 0xffffffff9bcf3507
     0.01%  passwordCracker  [unknown]           [k] 0xffffffff9bce6bc1
     0.01%  passwordCracker  [unknown]           [k] 0xffffffff9bcf386b
     0.01%  passwordCracker  [unknown]           [k] 0xffffffff9c60019f
     0.01%  passwordCracker  [unknown]           [k] 0xffffffff9bcf352d
     0.01%  passwordCracker  [unknown]           [k] 0xffffffff9bceb01e
     0.01%  passwordCracker  [unknown]           [k] 0xffffffff9bcf37d7
     0.01%  passwordCracker  [unknown]           [k] 0xffffffff9c490d85
     0.01%  passwordCracker  [unknown]           [k] 0xffffffff9bce7113
     0.01%  passwordCracker  [unknown]           [k] 0xffffffff9bcf3897
     0.01%  passwordCracker  [unknown]           [k] 0xffffffff9bce0557
     0.01%  passwordCracker  [unknown]           [k] 0xffffffff9c600043
     0.01%  passwordCracker  [unknown]           [k] 0xffffffff9bc041cf
     0.01%  passwordCracker  [unknown]           [k] 0xffffffff9bdae570
     0.01%  passwordCracker  [unknown]           [k] 0xffffffff9bcead24
     0.01%  passwordCracker  [unknown]           [k] 0xffffffff9bcf388b
     0.01%  passwordCracker  [unknown]           [k] 0xffffffff9bc1cff8
     0.01%  passwordCracker  [unknown]           [k] 0xffffffff9c490b4e
     0.01%  passwordCracker  [unknown]           [k] 0xffffffff9bcde96d
     0.01%  passwordCracker  [unknown]           [k] 0xffffffff9bce724f
     0.01%  passwordCracker  [unknown]           [k] 0xffffffff9bce9bcb
     0.01%  passwordCracker  [unknown]           [k] 0xffffffff9bcead80
     0.01%  passwordCracker  [unknown]           [k] 0xffffffff9c4770c4
     0.01%  passwordCracker  [unknown]           [k] 0xffffffff9bcea120
     0.01%  passwordCracker  [unknown]           [k] 0xffffffff9bcdd27a
     0.01%  passwordCracker  [unknown]           [k] 0xffffffff9bc1d03b
     0.01%  passwordCracker  [unknown]           [k] 0xffffffff9c491198
     0.01%  passwordCracker  [unknown]           [k] 0xffffffff9bd00951
     0.01%  passwordCracker  [unknown]           [k] 0xffffffff9c600158
     0.01%  passwordCracker  [unknown]           [k] 0xffffffff9bc2ac6a
     0.01%  passwordCracker  [unknown]           [k] 0xffffffff9bce9bb1
     0.01%  passwordCracker  [unknown]           [k] 0xffffffff9bda5c72
     0.01%  passwordCracker  [unknown]           [k] 0xffffffff9bc1ced4
     0.01%  passwordCracker  [unknown]           [k] 0xffffffff9bce6b04
     0.01%  passwordCracker  [unknown]           [k] 0xffffffff9bce9b46
     0.01%  passwordCracker  [unknown]           [k] 0xffffffff9bc1cf81
     0.01%  passwordCracker  [unknown]           [k] 0xffffffff9c6001ec
     0.01%  passwordCracker  [unknown]           [k] 0xffffffff9c600089
     0.01%  passwordCracker  [unknown]           [k] 0xffffffff9bcf37ad
     0.01%  passwordCracker  [unknown]           [k] 0xffffffff9bcead40
     0.01%  passwordCracker  [unknown]           [k] 0xffffffff9c600085
     0.01%  passwordCracker  [unknown]           [k] 0xffffffff9bc1cecc
     0.01%  passwordCracker  [unknown]           [k] 0xffffffff9bcf3a15
     0.01%  passwordCracker  libc-2.28.so        [.] _dl_addr
     0.00%  passwordCracker  ld-2.28.so          [.] _dl_relocate_object
     0.00%  passwordCracker  [unknown]           [k] 0xffffffff9be19175
     0.00%  passwordCracker  ld-2.28.so          [.] _dl_lookup_symbol_x
     0.00%  passwordCracker  libnvcpumath.so     [.] __math_epilog_
     0.00%  passwordCracker  ld-2.28.so          [.] strcmp
     0.00%  passwordCracker  [unknown]           [k] 0xffffffff9bce7980
     0.00%  passwordCracker  [unknown]           [k] 0xffffffff9bce6b91
     0.00%  passwordCracker  [unknown]           [k] 0xffffffff9c801220
     0.00%  passwordCracker  ld-2.28.so          [.] _dl_map_object_deps
     0.00%  passwordCracker  [unknown]           [k] 0xffffffff9c6011f0
     0.00%  passwordCracker  [unknown]           [k] 0xffffffff9bc1e57b
     0.00%  passwordCracker  libnvomp.so         [.] __do_global_dtors_aux
     0.00%  passwordCracker  [unknown]           [k] 0xffffffff9c6000f6
     0.00%  passwordCracker  [unknown]           [k] 0xffffffff9be4904b
     0.00%  passwordCracker  ld-2.28.so          [.] _dl_sort_maps
     0.00%  passwordCracker  [unknown]           [k] 0xffffffff9bd28bee
     0.00%  passwordCracker  ld-2.28.so          [.] _dl_fixup
     0.00%  passwordCracker  ld-2.28.so          [.] _dl_start
     0.00%  passwordCracker  libnvomp.so         [.] createSlaveThreads
     0.00%  passwordCracker  ld-2.28.so          [.] _dl_fini
     0.00%  passwordCracker  ld-2.28.so          [.] _dl_runtime_resolve_xsavec
     0.00%  passwordCracker  libc-2.28.so        [.] __clone
     0.00%  passwordCracker  libc-2.28.so        [.] __ctype_init
     0.00%  passwordCracker  libc-2.28.so        [.] __memmove_avx_unaligned_erms
     0.00%  passwordCracker  libc-2.28.so        [.] _setjmp
     0.00%  passwordCracker  libnvomp.so         [.] finalizeRuntime
     0.00%  passwordCracker  libnvomp.so         [.] hxiSetThreadCPUAffinity
     0.00%  passwordCracker  libpthread-2.28.so  [.] __pthread_mutex_lock
     0.00%  passwordCracker  [unknown]           [k] 0xffffffff9bc04196
     0.00%  passwordCracker  [unknown]           [k] 0xffffffff9bcdea10
     0.00%  passwordCracker  [unknown]           [k] 0xffffffff9bce13ae
     0.00%  passwordCracker  [unknown]           [k] 0xffffffff9be1844d
     0.00%  passwordCracker  [unknown]           [k] 0xffffffff9bf8747f
     0.00%  passwordCracker  [unknown]           [k] 0xffffffff9c4827a7
     0.00%  passwordCracker  [unknown]           [k] 0xffffffff9c482ae7


#
# (Tip: To record callchains for each sample: perf record -g)
#
